(---------------------------------------------------------------------)
(                                                                     )
(    NC DRILL Log                                                     )
(                                                                     )
(    Drawing          : #Taaaahq12112.tmp                             )
(    Software Version : 16.6P004                                      )
(    Date/Time        : Wed May 17 18:15:53 2023                      )
(                                                                     )
(---------------------------------------------------------------------)



 Processing NC Parameters file 'nc_param.txt' ...

 NC PARAMETERS
 -------------

 FORMAT   		2.5
 MACHINE-OFFSET		x:0.000000	y:0.000000
 FEEDRATE		1
 COORDINATES		ABSOLUTE
 OUTPUT-UNITS		ENGLISH
 TOOL-ORDER		INCREASING
 REPEAT-CODES		YES
 SUPPRESS-LEAD-ZEROES	NO
 SUPPRESS-TRAIL-ZEROES	NO
 SUPPRESS-EQUAL		NO
 TOOL-SELECT		YES
 HEADER			none
 LEADER			12
 CODE			ASCII
 SEPARATE		NO
 SEPARATE-ROUTING	NO
 OPTIMIZE_DRILLING	NO
 ENHANCED_EXCELLON	YES
 SCALE			1.000000

 WARNING(SPMHMF-358): Design precision is the same as that of the drill output file data.
 WARNING(SPMHMF-359): Data rounding errors may still be possible.
 WARNING(SPMHMF-368): Cannot find NC Drill tool file 'nc_tools.txt'
 WARNING(SPMHMF-369): ... will auto-generate tool file 'nc_tools_auto.txt'.


     Auto-generating tool file 'nc_tools_auto.txt' ...

           Size  Plating  Tool        + Tolerance  - Tolerance

          13.00  P        T01            0.000000     0.000000
          27.56  P        T02            0.000000     0.000000
          39.37  P        T03            0.000000     0.000000
          43.31  P        T04            0.000000     0.000000


 Drill files being output to directory 'C:/Users/Pizza/Desktop/stm32pcb/pcb_design/gerber' ...



     'stm32f103c8t6-1-2.drl' created for holes connecting TOP and BOTTOM
     -------------------------------------------------------------------

     Tool  Num     Size      +/- Tolerance     Plating   Quantity

     T01    1.  13.0000    0.0000/  0.0000      PLATED        135
     T02    2.  27.5600    0.0000/  0.0000      PLATED          2
     T03    3.  39.3700    0.0000/  0.0000      PLATED         58
     T04    4.  43.3100    0.0000/  0.0000      PLATED          2

     ---- Total holes:                                        197

     ---- Total head travel:              9.23 feet (2.81 meters)

