(---------------------------------------------------------------------)
(                                                                     )
(    Allegro Netrev Import Logic                                      )
(                                                                     )
(    Drawing          : stm32f103c8t6.brd                             )
(    Software Version : 16.6P004                                      )
(    Date/Time        : Mon May 15 18:45:49 2023                      )
(                                                                     )
(---------------------------------------------------------------------)


------ Directives ------

RIPUP_ETCH FALSE;
RIPUP_DELETE_FIRST_SEGMENT FALSE;
RIPUP_RETAIN_BONDWIRE FALSE;
RIPUP_SYMBOLS ALWAYS;
Missing symbol has error FALSE;
SCHEMATIC_DIRECTORY 'C:/Users/Pizza/Desktop/stm32pcb/allegro';
BOARD_DIRECTORY '';
OLD_BOARD_NAME 'stm32f103c8t6.brd';
NEW_BOARD_NAME 'stm32f103c8t6.brd';

CmdLine: netrev -$ -i C:/Users/Pizza/Desktop/stm32pcb/allegro -y 1 -z C:/Users/Pizza/Desktop/stm32pcb/pcb_design/#Taaaaem12952.tmp

------ Preparing to read pst files ------

Starting to read C:/Users/Pizza/Desktop/stm32pcb/allegro/pstchip.dat 
   Finished reading C:/Users/Pizza/Desktop/stm32pcb/allegro/pstchip.dat (00:00:00.03)
Starting to read C:/Users/Pizza/Desktop/stm32pcb/allegro/pstxprt.dat 
   Finished reading C:/Users/Pizza/Desktop/stm32pcb/allegro/pstxprt.dat (00:00:00.00)
Starting to read C:/Users/Pizza/Desktop/stm32pcb/allegro/pstxnet.dat 
   Finished reading C:/Users/Pizza/Desktop/stm32pcb/allegro/pstxnet.dat (00:00:00.00)

------ Oversights/Warnings/Errors ------


------ Library Paths ------
MODULEPATH =  . 
           C:/Cadence/SPB_16.6/share/local/pcb/modules 

PSMPATH =  C:/Users/Pizza/Desktop/stm32pcb/stm32f103_lib/ 

PADPATH =  C:/Users/Pizza/Desktop/stm32pcb/stm32f103_lib/ 


------ Summary Statistics ------


netrev run on May 15 18:45:49 2023
   DESIGN NAME : 'DESIGN1'
   PACKAGING ON Sep 10 2012 04:46:09

   COMPILE 'logic'
   CHECK_PIN_NAMES OFF
   CROSS_REFERENCE OFF
   FEEDBACK OFF
   INCREMENTAL OFF
   INTERFACE_TYPE PHYSICAL
   MAX_ERRORS 500
   MERGE_MINIMUM 5
   NET_NAME_CHARS '#%&()*+-./:=>?@[]^_`|'
   NET_NAME_LENGTH 24
   OVERSIGHTS ON
   REPLACE_CHECK OFF
   SINGLE_NODE_NETS ON
   SPLIT_MINIMUM 0
   SUPPRESS   20
   WARNINGS ON

 No error detected
 No oversight detected
 No warning detected

cpu time      0:00:20
elapsed time  0:00:00

