(---------------------------------------------------------------------)
(                                                                     )
(    ARTWORK LOG                                                      )
(                                                                     )
(    Drawing          : stm32f103c8t6.brd                             )
(    Software Version : 16.6P004                                      )
(    Date/Time        : Wed May 17 18:36:36 2023                      )
(                                                                     )
(---------------------------------------------------------------------)


 ---- Photoplot outline rectangle not found ... using drawing extents



Results from parameter file ...
    DEVICE-TYPE           GERBER_RS274X
    OUTPUT-UNITS          INCHES
    FILM-SIZE             2400000 1600000
    FORMAT                5.5
    ABORT-ON-ERROR        NO
    SCALE                 1
    SUPPRESS-LEAD-ZEROES  YES
    SUPPRESS-TRAIL-ZEROES NO
    SUPPRESS-EQUAL        YES
    UNDEF-APT-CONT        NO


================================================================
     PROCESSING FILM < TOP >
     TO FILE < C:/Users/Pizza/Desktop/stm32pcb/pcb_design/gerber/TOP.art > ...
================================================================

  FILM PARAMETERS :
  ---------------------------------------------------------
  Undefined line width                0.00
  Mirror code                         NONE
  Rotate angle                        NONE
  Offset x:                           0.00
  Offset y:                           0.00
  Plot negative                       NO
  Suppress unconnected internal pads  NO
  Draw holes only                     NO



  APERTURES USED:
  ---------------------------------------------------------
  TYPE       SIZE/NAME                   ROT   MIRROR MODE 
  ---------------------------------------------------------
  CIRCLE     0.00600                                  DARK 
  CIRCLE     0.01000                                  DARK 
  CIRCLE     0.01500                                  DARK 
  CIRCLE     0.02000                                  DARK 
  CIRCLE     0.02400                                  DARK 
  CIRCLE     0.04724                                  DARK 
  CIRCLE     0.05906                                  DARK 
  CIRCLE     0.07087                                  DARK 
  CIRCLE     0.35433                                  DARK 
  RECTANGLE  0.01575     x 0.06299       0.000 NO     DARK 
  RECTANGLE  0.01969     x 0.03937       0.000 NO     DARK 
  RECTANGLE  0.04331     x 0.03937       0.000 NO     DARK 
  RECTANGLE  0.04331     x 0.03937      90.000 NO     DARK 
  RECTANGLE  0.05118     x 0.05906       0.000 NO     DARK 
  RECTANGLE  0.05472     x 0.02323       0.000 NO     DARK 
  RECTANGLE  0.05472     x 0.02323      90.000 NO     DARK 
  RECTANGLE  0.05906     x 0.01181       0.000 NO     DARK 
  RECTANGLE  0.05906     x 0.01181      90.000 NO     DARK 
  RECTANGLE  0.06299     x 0.01378      90.000 NO     DARK 
  RECTANGLE  0.07500     x 0.05400      90.000 NO     DARK 
  RECTANGLE  0.07874     x 0.02362       0.000 NO     DARK 
  RECTANGLE  0.11811     x 0.07874       0.000 NO     DARK 
  RECTANGLE  0.11811     x 0.35433       0.000 NO     DARK 
  RECTANGLE  0.12008     x 0.09252       0.000 NO     DARK 
  RECTANGLE  0.12008     x 0.09252      90.000 NO     DARK 
  RECTANGLE  0.18386     x 0.06614       0.000 NO     DARK 

     TOP created.


================================================================
     PROCESSING FILM < BOTTOM >
     TO FILE < C:/Users/Pizza/Desktop/stm32pcb/pcb_design/gerber/BOTTOM.art > ...
================================================================

  FILM PARAMETERS :
  ---------------------------------------------------------
  Undefined line width                0.00
  Mirror code                         NONE
  Rotate angle                        NONE
  Offset x:                           0.00
  Offset y:                           0.00
  Plot negative                       NO
  Suppress unconnected internal pads  NO
  Draw holes only                     NO



  APERTURES USED:
  ---------------------------------------------------------
  TYPE       SIZE/NAME                   ROT   MIRROR MODE 
  ---------------------------------------------------------
  CIRCLE     0.00600                                  DARK 
  CIRCLE     0.01000                                  DARK 
  CIRCLE     0.01500                                  DARK 
  CIRCLE     0.02000                                  DARK 
  CIRCLE     0.02400                                  DARK 
  CIRCLE     0.04724                                  DARK 
  CIRCLE     0.05906                                  DARK 
  CIRCLE     0.07087                                  DARK 

     BOTTOM created.


================================================================
     PROCESSING FILM < SILK_TOP >
     TO FILE < C:/Users/Pizza/Desktop/stm32pcb/pcb_design/gerber/SILK_TOP.art > ...
================================================================

  FILM PARAMETERS :
  ---------------------------------------------------------
  Undefined line width                0.00
  Mirror code                         NONE
  Rotate angle                        NONE
  Offset x:                           0.00
  Offset y:                           0.00
  Plot negative                       NO
  Suppress unconnected internal pads  NO
  Draw holes only                     NO

    WARNING: text composed 0 width line found at (260.00 775.00)
           ... ignored.

    WARNING: text having Multiple 0 width lines; all will be treated the same as the first.
           ... ignored.

    WARNING: 0 width line found at (434.96 4191.30)
           ... ignored.

    WARNING: Multiple 0 width lines; all will be treated the same as the first.
           ... ignored.



  APERTURES USED:
  ---------------------------------------------------------
  TYPE       SIZE/NAME                   ROT   MIRROR MODE 
  ---------------------------------------------------------
  CIRCLE     0.00472                                  DARK 
  CIRCLE     0.00500                                  DARK 
  CIRCLE     0.00600                                  DARK 
  CIRCLE     0.00787                                  DARK 
  CIRCLE     0.00800                                  DARK 

     SILK_TOP created with warnings


================================================================
     PROCESSING FILM < SILK_BOT >
     TO FILE < C:/Users/Pizza/Desktop/stm32pcb/pcb_design/gerber/SILK_BOT.art > ...
================================================================

  FILM PARAMETERS :
  ---------------------------------------------------------
  Undefined line width                0.00
  Mirror code                         NONE
  Rotate angle                        NONE
  Offset x:                           0.00
  Offset y:                           0.00
  Plot negative                       NO
  Suppress unconnected internal pads  NO
  Draw holes only                     NO



  APERTURES USED:
  ---------------------------------------------------------
  TYPE       SIZE/NAME                   ROT   MIRROR MODE 
  ---------------------------------------------------------
  CIRCLE     0.00472                                  DARK 
  CIRCLE     0.00500                                  DARK 
  CIRCLE     0.00600                                  DARK 
  CIRCLE     0.00787                                  DARK 
  CIRCLE     0.00800                                  DARK 
  CIRCLE     0.04400                                  DARK 
  CIRCLE     0.05118                                  DARK 
  CIRCLE     0.06299                                  DARK 
  CIRCLE     0.07480                                  DARK 
  CIRCLE     0.39370                                  DARK 
  RECTANGLE  0.01969     x 0.06693       0.000 NO     DARK 
  RECTANGLE  0.02362     x 0.04331       0.000 NO     DARK 
  RECTANGLE  0.04724     x 0.04331       0.000 NO     DARK 
  RECTANGLE  0.04724     x 0.04331      90.000 NO     DARK 
  RECTANGLE  0.05512     x 0.06299       0.000 NO     DARK 
  RECTANGLE  0.05866     x 0.02717       0.000 NO     DARK 
  RECTANGLE  0.05866     x 0.02717      90.000 NO     DARK 
  RECTANGLE  0.06378     x 0.01654       0.000 NO     DARK 
  RECTANGLE  0.06378     x 0.01654      90.000 NO     DARK 
  RECTANGLE  0.06890     x 0.01969      90.000 NO     DARK 
  RECTANGLE  0.08100     x 0.06000      90.000 NO     DARK 
  RECTANGLE  0.08465     x 0.02953       0.000 NO     DARK 
  RECTANGLE  0.12205     x 0.08268       0.000 NO     DARK 
  RECTANGLE  0.12205     x 0.35827       0.000 NO     DARK 
  RECTANGLE  0.12598     x 0.09843       0.000 NO     DARK 
  RECTANGLE  0.12598     x 0.09843      90.000 NO     DARK 
  RECTANGLE  0.18780     x 0.07008       0.000 NO     DARK 

     SILK_BOT created.


================================================================
     PROCESSING FILM < SOLDER_TOP >
     TO FILE < C:/Users/Pizza/Desktop/stm32pcb/pcb_design/gerber/SOLDER_TOP.art > ...
================================================================

  FILM PARAMETERS :
  ---------------------------------------------------------
  Undefined line width                0.00
  Mirror code                         NONE
  Rotate angle                        NONE
  Offset x:                           0.00
  Offset y:                           0.00
  Plot negative                       NO
  Suppress unconnected internal pads  NO
  Draw holes only                     NO



  APERTURES USED:
  ---------------------------------------------------------
  TYPE       SIZE/NAME                   ROT   MIRROR MODE 
  ---------------------------------------------------------
  CIRCLE     0.00600                                  DARK 

     SOLDER_TOP created.


================================================================
     PROCESSING FILM < SOLDER_BOT >
     TO FILE < C:/Users/Pizza/Desktop/stm32pcb/pcb_design/gerber/SOLDER_BOT.art > ...
================================================================

  FILM PARAMETERS :
  ---------------------------------------------------------
  Undefined line width                0.00
  Mirror code                         NONE
  Rotate angle                        NONE
  Offset x:                           0.00
  Offset y:                           0.00
  Plot negative                       NO
  Suppress unconnected internal pads  NO
  Draw holes only                     NO



  APERTURES USED:
  ---------------------------------------------------------
  TYPE       SIZE/NAME                   ROT   MIRROR MODE 
  ---------------------------------------------------------
  CIRCLE     0.00600                                  DARK 

     SOLDER_BOT created.


================================================================
     PROCESSING FILM < PASTE_TOP >
     TO FILE < C:/Users/Pizza/Desktop/stm32pcb/pcb_design/gerber/PASTE_TOP.art > ...
================================================================

  FILM PARAMETERS :
  ---------------------------------------------------------
  Undefined line width                0.00
  Mirror code                         NONE
  Rotate angle                        NONE
  Offset x:                           0.00
  Offset y:                           0.00
  Plot negative                       NO
  Suppress unconnected internal pads  NO
  Draw holes only                     NO



  APERTURES USED:
  ---------------------------------------------------------
  TYPE       SIZE/NAME                   ROT   MIRROR MODE 
  ---------------------------------------------------------
  CIRCLE     0.00600                                  DARK 
  CIRCLE     0.35433                                  DARK 
  RECTANGLE  0.01575     x 0.06299       0.000 NO     DARK 
  RECTANGLE  0.01969     x 0.03937       0.000 NO     DARK 
  RECTANGLE  0.04331     x 0.03937       0.000 NO     DARK 
  RECTANGLE  0.04331     x 0.03937      90.000 NO     DARK 
  RECTANGLE  0.05118     x 0.05906       0.000 NO     DARK 
  RECTANGLE  0.05472     x 0.02323       0.000 NO     DARK 
  RECTANGLE  0.05472     x 0.02323      90.000 NO     DARK 
  RECTANGLE  0.05906     x 0.01181       0.000 NO     DARK 
  RECTANGLE  0.05906     x 0.01181      90.000 NO     DARK 
  RECTANGLE  0.06299     x 0.01378      90.000 NO     DARK 
  RECTANGLE  0.07500     x 0.05400      90.000 NO     DARK 
  RECTANGLE  0.07874     x 0.02362       0.000 NO     DARK 
  RECTANGLE  0.11811     x 0.07874       0.000 NO     DARK 
  RECTANGLE  0.11811     x 0.35433       0.000 NO     DARK 
  RECTANGLE  0.12008     x 0.09252       0.000 NO     DARK 
  RECTANGLE  0.12008     x 0.09252      90.000 NO     DARK 
  RECTANGLE  0.18386     x 0.06614       0.000 NO     DARK 

     PASTE_TOP created.


================================================================
     PROCESSING FILM < PASTE_BOT >
     TO FILE < C:/Users/Pizza/Desktop/stm32pcb/pcb_design/gerber/PASTE_BOT.art > ...
================================================================

  FILM PARAMETERS :
  ---------------------------------------------------------
  Undefined line width                0.00
  Mirror code                         NONE
  Rotate angle                        NONE
  Offset x:                           0.00
  Offset y:                           0.00
  Plot negative                       NO
  Suppress unconnected internal pads  NO
  Draw holes only                     NO



  APERTURES USED:
  ---------------------------------------------------------
  TYPE       SIZE/NAME                   ROT   MIRROR MODE 
  ---------------------------------------------------------
  CIRCLE     0.00600                                  DARK 

     PASTE_BOT created.


================================================================
     PROCESSING FILM < DRILL >
     TO FILE < C:/Users/Pizza/Desktop/stm32pcb/pcb_design/gerber/DRILL.art > ...
================================================================

  FILM PARAMETERS :
  ---------------------------------------------------------
  Undefined line width                0.00
  Mirror code                         NONE
  Rotate angle                        NONE
  Offset x:                           0.00
  Offset y:                           0.00
  Plot negative                       NO
  Suppress unconnected internal pads  NO
  Draw holes only                     NO

    WARNING: rectangle or unfilled shape composed 0 width line found at (2575.00 14.00)
           ... ignored.



  APERTURES USED:
  ---------------------------------------------------------
  TYPE       SIZE/NAME                   ROT   MIRROR MODE 
  ---------------------------------------------------------
  CIRCLE     0.00600                                  DARK 

     DRILL created with warnings


================================================================
     PROCESSING FILM < ADT >
     TO FILE < C:/Users/Pizza/Desktop/stm32pcb/pcb_design/gerber/ADT.art > ...
================================================================

  FILM PARAMETERS :
  ---------------------------------------------------------
  Undefined line width                0.00
  Mirror code                         NONE
  Rotate angle                        NONE
  Offset x:                           0.00
  Offset y:                           0.00
  Plot negative                       NO
  Suppress unconnected internal pads  NO
  Draw holes only                     NO



  APERTURES USED:
  ---------------------------------------------------------
  TYPE       SIZE/NAME                   ROT   MIRROR MODE 
  ---------------------------------------------------------
  CIRCLE     0.00472                                  DARK 
  CIRCLE     0.00500                                  DARK 
  CIRCLE     0.00600                                  DARK 
  CIRCLE     0.00787                                  DARK 
  CIRCLE     0.00800                                  DARK 
  CIRCLE     0.04724                                  DARK 
  CIRCLE     0.05906                                  DARK 
  CIRCLE     0.07087                                  DARK 
  CIRCLE     0.35433                                  DARK 
  RECTANGLE  0.01575     x 0.06299       0.000 NO     DARK 
  RECTANGLE  0.01969     x 0.03937       0.000 NO     DARK 
  RECTANGLE  0.04331     x 0.03937       0.000 NO     DARK 
  RECTANGLE  0.04331     x 0.03937      90.000 NO     DARK 
  RECTANGLE  0.05118     x 0.05906       0.000 NO     DARK 
  RECTANGLE  0.05472     x 0.02323       0.000 NO     DARK 
  RECTANGLE  0.05472     x 0.02323      90.000 NO     DARK 
  RECTANGLE  0.05906     x 0.01181       0.000 NO     DARK 
  RECTANGLE  0.05906     x 0.01181      90.000 NO     DARK 
  RECTANGLE  0.06299     x 0.01378      90.000 NO     DARK 
  RECTANGLE  0.07500     x 0.05400      90.000 NO     DARK 
  RECTANGLE  0.07874     x 0.02362       0.000 NO     DARK 
  RECTANGLE  0.11811     x 0.07874       0.000 NO     DARK 
  RECTANGLE  0.11811     x 0.35433       0.000 NO     DARK 
  RECTANGLE  0.12008     x 0.09252       0.000 NO     DARK 
  RECTANGLE  0.12008     x 0.09252      90.000 NO     DARK 
  RECTANGLE  0.18386     x 0.06614       0.000 NO     DARK 

     ADT created.


================================================================
     PROCESSING FILM < ADB >
     TO FILE < C:/Users/Pizza/Desktop/stm32pcb/pcb_design/gerber/ADB.art > ...
================================================================

  FILM PARAMETERS :
  ---------------------------------------------------------
  Undefined line width                6.00
  Mirror code                         NONE
  Rotate angle                        NONE
  Offset x:                           0.00
  Offset y:                           0.00
  Plot negative                       NO
  Suppress unconnected internal pads  NO
  Draw holes only                     NO



  APERTURES USED:
  ---------------------------------------------------------
  TYPE       SIZE/NAME                   ROT   MIRROR MODE 
  ---------------------------------------------------------
  CIRCLE     0.00600                                  DARK 
  CIRCLE     0.04724                                  DARK 
  CIRCLE     0.05906                                  DARK 
  CIRCLE     0.07087                                  DARK 

     ADB created.


------------------------------------------------------
 SUMMARY:
        TOP created.
        BOTTOM created.
        SILK_TOP created with warnings
        SILK_BOT created.
        SOLDER_TOP created.
        SOLDER_BOT created.
        PASTE_TOP created.
        PASTE_BOT created.
        DRILL created with warnings
        ADT created.
        ADB created.

 ARTWORK finished
