(---------------------------------------------------------------------)
(                                                                     )
(    QUICKPLACE LOG                                                   )
(                                                                     )
(    Drawing          : stm32f103c8t6.brd                             )
(    Software Version : 16.6P004                                      )
(    Date/Time        : Tue May 16 10:19:24 2023                      )
(                                                                     )
(---------------------------------------------------------------------)


State: Placing on layer TOP

         Placed symbol:  U3 / STM32F103C8T6_LQFP48_STM32F103C / LQFP48 at (64.4834 103.6690)
         Placed symbol:  U4 / LB1940T_TSSOP20_LB1940T / TSSOP20 at (63.1334 94.7018)
         Placed symbol:  J5 / HEADER 20_CON2R0_20P_0_HEADER 2 / CON2R0_20P_0 at (61.8194 88.4046)
         Placed symbol:  J4 / HEADER 20_CON2R0_20P_HEADER 20 / CON2R0_20P at (72.4306 106.3330)
         Placed symbol:  U5 / MAX3232_SOP16_MAX3232 / SOP16 at (75.7946 49.8258)
         Placed symbol:  U1 / USB_MRICO_1_MICRO_5PIN_USB_MRIC / MICRO_5PIN at (74.5906 41.4186)
         Placed symbol:  J1 / CON6A_CON2R0_2X3_CON6A / CON2R0_2X3 at (74.9706 32.7354)
         Placed symbol:  J3 / CON4_CON2R0_4P_CON4 / CON2R0_4P at (72.5068 19.7560)
         Placed symbol:  J6 / CON3_CON2R0_3P_CON3 / CON2R0_3P at (72.4306 9.3166)
         Placed symbol:  U2 / AMS1117-3_3_SOT23-3_AMS1117-3_3 / SOT23-3 at (72.0006 2.2334)
         Placed symbol:  Q1 / 2N2222_0_SOT23-3_2N2222 / SOT23-3 at (84.0118 107.0730)
         Placed symbol:  J2 / CON3_CON2R0_3P_CON3 / CON2R0_3P at (84.4418 99.9898)
         Placed symbol:  C13 / CAP NP_C0603_20PF / C0603 at (83.5518 93.8866)
         Placed symbol:  C14 / CAP NP_C0603_20PF / C0603 at (83.5518 92.0434)
         Placed symbol:  C15 / CAP NP_C0603_1UF/16V / C0603 at (83.5518 90.2002)
         Placed symbol:  C16 / CAP NP_C0603_0.1UF/16V / C0603 at (83.5518 88.3570)
         Placed symbol:  C17 / CAP NP_C0603_0.1UF/16V / C0603 at (83.5518 86.5138)
         Placed symbol:  C18 / CAP NP_C0603_0.1UF/16V / C0603 at (83.5518 84.6706)
         Placed symbol:  C19 / CAP NP_C0603_0.1UF/16V / C0603 at (83.5518 82.8274)
         Placed symbol:  C2 / CAP NP_C0603_0.1UF/16V / C0603 at (83.5518 80.9842)
         Placed symbol:  C20 / CAP NP_C0603_0.1UF/16V / C0603 at (83.5518 79.1410)
         Placed symbol:  C11 / CAP NP_C0603_20PF / C0603 at (83.5518 77.2978)
         Placed symbol:  C10 / CAP NP_C0603_20PF / C0603 at (83.5518 75.4546)
         Placed symbol:  C1 / CAP POL_C7343_100UF/16V / C7343 at (86.7478 71.9274)
         Placed symbol:  C24 / CAP NP_C0603_0.1UF/16V / C0603 at (83.5518 68.4002)
         Placed symbol:  C3 / CAP NP_C0603_0.1UF/16V / C0603 at (83.5518 66.5570)
         Placed symbol:  C7 / CAP NP_C0603_0.1UF/16V / C0603 at (83.5518 64.7138)
         Placed symbol:  C9 / CAP NP_C0603_0.1UF/16V / C0603 at (83.5518 62.8706)
         Placed symbol:  C25 / CAP NP_C0805_10UF/16V / C0805 at (83.7518 60.7774)
         Placed symbol:  C6 / CAP NP_C0805_10UF/16V / C0805 at (83.7518 58.4342)
         Placed symbol:  C8 / CAP NP_C0805_10UF/16V / C0805 at (83.7518 56.0910)
         Placed symbol:  D3 / SSL-LX4673_1_L0603_SSL-LX4673 / L0603 at (83.5518 53.9978)
         Placed symbol:  C5 / CAP POL_C7343_10UF/16V / C7343 at (86.7478 50.4706)
         Placed symbol:  BT1 / BATTERY_BAT_9_3.6V / BAT_9 at (95.4018 41.2634)
         Placed symbol:  C12 / CAP POL_C7343_100UF/16V / C7343 at (86.7478 32.0562)
         Placed symbol:  C23 / CAP NP_C0603_0.1UF/16V / C0603 at (83.5518 28.5290)
         Placed symbol:  C21 / CAP NP_C0603_0.1UF/16V / C0603 at (83.5518 26.6858)
         Placed symbol:  C22 / CAP NP_C0603_0.1UF/16V / C0603 at (83.5518 24.8426)
         Placed symbol:  D1 / SSL-LX4673_1_L0603_SSL-LX4673 / L0603 at (83.5518 22.9994)
         Placed symbol:  D2 / SSL-LX4673_1_L0603_SSL-LX4673 / L0603 at (83.5518 21.1562)
         Placed symbol:  L1 / INDUCTOR_L0805_10@100MHZ / L0805 at (83.7518 19.0630)
         Placed symbol:  L2 / INDUCTOR_L0805_10@100MHZ / L0805 at (83.7518 16.7198)
         Placed symbol:  L4 / INDUCTOR_L0805_10@100MHZ / L0805 at (83.7518 14.3766)
         Placed symbol:  L5 / INDUCTOR_L0805_10@100MHZ / L0805 at (83.7518 12.0334)
         Placed symbol:  L3 / INDUCTOR_L0805_2.2UH / L0805 at (83.7518 9.6902)
         Placed symbol:  LS1 / SPEAKER_SPEAKER_3MM_BEEP / SPEAKER_3MM at (108.7050 103.7730)
         Placed symbol:  R1 / R_R0603_20 / R0603 at (103.7550 97.6498)
         Placed symbol:  R3 / R_R0603_20 / R0603 at (103.7550 95.8066)
         Placed symbol:  R5 / R_R0603_20 / R0603 at (103.7550 93.9634)
         Placed symbol:  R10 / R_R0603_1 / R0603 at (103.7550 92.1202)
         Placed symbol:  R11 / R_R0603_1 / R0603 at (103.7550 90.2770)
         Placed symbol:  R12 / R_R0603_0 / R0603 at (103.7550 88.4338)
         Placed symbol:  R13 / R_R0603_100 / R0603 at (103.7550 86.5906)
         Placed symbol:  R14 / R_R0603_1K / R0603 at (103.7550 84.7474)
         Placed symbol:  R6 / R_R0603_1K / R0603 at (103.7550 82.9042)
         Placed symbol:  R7 / R_R0603_1K / R0603 at (103.7550 81.0610)
         Placed symbol:  R2 / R_R0603_51 / R0603 at (103.7550 79.2178)
         Placed symbol:  R4 / R_R0603_4.7K / R0603 at (103.7550 77.3746)
         Placed symbol:  R8 / R_R0603_10K / R0603 at (103.7550 75.5314)
         Placed symbol:  R9 / R_R0603_1M / R0603 at (103.7550 73.6882)
         Placed symbol:  SW1 / SW MAG-SPST/SM_SW_SW MAG-SPST/S / SW at (104.6450 70.1250)
         Placed symbol:  D4 / BAS21/SOT_0_L0603_IN4148 / L0603 at (103.7550 66.5618)
         Placed symbol:  C4 / CAP POL_C7343_10UF/16V / C7343 at (106.9510 63.0346)
         Placed symbol:  F1 / FUSE_F1206_FUSE / F1206 at (104.8990 58.8059)
         Placed symbol:  Y1 / ZTB_YSX1610_32.768KHZ / YSX1610 at (103.3114 56.2812)
         Placed symbol:  Y2 / ZTB_HC-49SMD_8MHZ / HC-49SMD at (109.5150 52.3480)


Placed 66 of 66 applicable (66 total) symbols.

-----------------------------------------------------------------------

